<?xml version="1.0" encoding="UTF-8"?>
<testng-results ignored="0" total="2" passed="1" failed="1" skipped="0">
  <reporter-output>
  </reporter-output>
  <suite started-at="2022-07-10T23:18:54 IST" name="Suite" finished-at="2022-07-10T23:20:12 IST" duration-ms="77505">
    <groups>
    </groups>
    <test started-at="2022-07-10T23:18:54 IST" name="Test" finished-at="2022-07-10T23:20:12 IST" duration-ms="77505">
      <class name="TestCases.InvalidLoginAttemptTest">
        <test-method is-config="true" signature="SetUp()[pri:0, instance:TestCases.InvalidLoginAttemptTest@18df8434]" started-at="2022-07-10T23:18:54 IST" name="SetUp" finished-at="2022-07-10T23:19:15 IST" duration-ms="20461" status="PASS">
          <reporter-output>
          </reporter-output>
        </test-method> <!-- SetUp -->
        <test-method signature="LoginWithInValidCredentials()[pri:0, instance:TestCases.InvalidLoginAttemptTest@18df8434]" started-at="2022-07-10T23:19:15 IST" name="LoginWithInValidCredentials" finished-at="2022-07-10T23:19:20 IST" duration-ms="5838" status="FAIL">
          <exception class="org.openqa.selenium.NoSuchElementException">
            <message>
              <![CDATA[no such element: Unable to locate element: {"method":"xpath","selector":"//div[@class="cbox_messagebox_error"]/p[@class="cbox_messagebox"]"}
  (Session info: chrome=103.0.5060.114)
For documentation on this error, please visit: https://selenium.dev/exceptions/#no_such_element
Build info: version: '4.3.0', revision: 'a4995e2c09*'
System info: host: 'DESKTOP-R0NO93M', ip: '192.168.99.1', os.name: 'Windows 10', os.arch: 'amd64', os.version: '10.0', java.version: '16.0.1'
Driver info: org.openqa.selenium.remote.RemoteWebDriver
Command: [dda184a3d1904732d6c3eb22b131d0ce, findElement {using=xpath, value=//div[@class="cbox_messagebox_error"]/p[@class="cbox_messagebox"]}]
Capabilities {acceptInsecureCerts: false, browserName: chrome, browserVersion: 103.0.5060.114, chrome: {chromedriverVersion: 103.0.5060.53 (a1711811edd7..., userDataDir: /tmp/.com.google.Chrome.Zah7rQ}, goog:chromeOptions: {debuggerAddress: localhost:35097}, networkConnectionEnabled: false, pageLoadStrategy: normal, platformName: LINUX, proxy: Proxy(), se:cdp: ws://172.28.0.3:4444/sessio..., se:cdpVersion: 103.0.5060.114, se:vnc: ws://172.28.0.3:4444/sessio..., se:vncEnabled: true, se:vncLocalAddress: ws://172.28.0.3:7900, setWindowRect: true, strictFileInteractability: false, timeouts: {implicit: 0, pageLoad: 300000, script: 30000}, unhandledPromptBehavior: dismiss and notify, webauthn:extension:credBlob: true, webauthn:extension:largeBlob: true, webauthn:virtualAuthenticators: true}
Session ID: dda184a3d1904732d6c3eb22b131d0ce]]>
            </message>
            <full-stacktrace>
              <![CDATA[org.openqa.selenium.NoSuchElementException: no such element: Unable to locate element: {"method":"xpath","selector":"//div[@class="cbox_messagebox_error"]/p[@class="cbox_messagebox"]"}
  (Session info: chrome=103.0.5060.114)
For documentation on this error, please visit: https://selenium.dev/exceptions/#no_such_element
Build info: version: '4.3.0', revision: 'a4995e2c09*'
System info: host: 'DESKTOP-R0NO93M', ip: '192.168.99.1', os.name: 'Windows 10', os.arch: 'amd64', os.version: '10.0', java.version: '16.0.1'
Driver info: org.openqa.selenium.remote.RemoteWebDriver
Command: [dda184a3d1904732d6c3eb22b131d0ce, findElement {using=xpath, value=//div[@class="cbox_messagebox_error"]/p[@class="cbox_messagebox"]}]
Capabilities {acceptInsecureCerts: false, browserName: chrome, browserVersion: 103.0.5060.114, chrome: {chromedriverVersion: 103.0.5060.53 (a1711811edd7..., userDataDir: /tmp/.com.google.Chrome.Zah7rQ}, goog:chromeOptions: {debuggerAddress: localhost:35097}, networkConnectionEnabled: false, pageLoadStrategy: normal, platformName: LINUX, proxy: Proxy(), se:cdp: ws://172.28.0.3:4444/sessio..., se:cdpVersion: 103.0.5060.114, se:vnc: ws://172.28.0.3:4444/sessio..., se:vncEnabled: true, se:vncLocalAddress: ws://172.28.0.3:7900, setWindowRect: true, strictFileInteractability: false, timeouts: {implicit: 0, pageLoad: 300000, script: 30000}, unhandledPromptBehavior: dismiss and notify, webauthn:extension:credBlob: true, webauthn:extension:largeBlob: true, webauthn:virtualAuthenticators: true}
Session ID: dda184a3d1904732d6c3eb22b131d0ce
at java.base/jdk.internal.reflect.NativeConstructorAccessorImpl.newInstance0(Native Method)
at java.base/jdk.internal.reflect.NativeConstructorAccessorImpl.newInstance(NativeConstructorAccessorImpl.java:78)
at java.base/jdk.internal.reflect.DelegatingConstructorAccessorImpl.newInstance(DelegatingConstructorAccessorImpl.java:45)
at java.base/java.lang.reflect.Constructor.newInstanceWithCaller(Constructor.java:499)
at java.base/java.lang.reflect.Constructor.newInstance(Constructor.java:480)
at org.openqa.selenium.remote.codec.w3c.W3CHttpResponseCodec.createException(W3CHttpResponseCodec.java:200)
at org.openqa.selenium.remote.codec.w3c.W3CHttpResponseCodec.decode(W3CHttpResponseCodec.java:133)
at org.openqa.selenium.remote.codec.w3c.W3CHttpResponseCodec.decode(W3CHttpResponseCodec.java:53)
at org.openqa.selenium.remote.HttpCommandExecutor.execute(HttpCommandExecutor.java:184)
at org.openqa.selenium.remote.TracedCommandExecutor.execute(TracedCommandExecutor.java:51)
at org.openqa.selenium.remote.RemoteWebDriver.execute(RemoteWebDriver.java:569)
at org.openqa.selenium.remote.ElementLocation$ElementFinder$2.findElement(ElementLocation.java:162)
at org.openqa.selenium.remote.ElementLocation.findElement(ElementLocation.java:60)
at org.openqa.selenium.remote.RemoteWebDriver.findElement(RemoteWebDriver.java:387)
at org.openqa.selenium.remote.RemoteWebDriver.findElement(RemoteWebDriver.java:379)
at org.openqa.selenium.support.pagefactory.DefaultElementLocator.findElement(DefaultElementLocator.java:70)
at org.openqa.selenium.support.pagefactory.internal.LocatingElementHandler.invoke(LocatingElementHandler.java:39)
at jdk.proxy2/jdk.proxy2.$Proxy17.getText(Unknown Source)
at PageRepo.LoginPage.getMessageBoxValue(LoginPage.java:52)
at TestCases.InvalidLoginAttemptTest.LoginWithInValidCredentials(InvalidLoginAttemptTest.java:49)
at java.base/jdk.internal.reflect.NativeMethodAccessorImpl.invoke0(Native Method)
at java.base/jdk.internal.reflect.NativeMethodAccessorImpl.invoke(NativeMethodAccessorImpl.java:78)
at java.base/jdk.internal.reflect.DelegatingMethodAccessorImpl.invoke(DelegatingMethodAccessorImpl.java:43)
at java.base/java.lang.reflect.Method.invoke(Method.java:567)
at org.testng.internal.MethodInvocationHelper.invokeMethod(MethodInvocationHelper.java:133)
at org.testng.internal.TestInvoker.invokeMethod(TestInvoker.java:598)
at org.testng.internal.TestInvoker.invokeTestMethod(TestInvoker.java:173)
at org.testng.internal.MethodRunner.runInSequence(MethodRunner.java:46)
at org.testng.internal.TestInvoker$MethodInvocationAgent.invoke(TestInvoker.java:824)
at org.testng.internal.TestInvoker.invokeTestMethods(TestInvoker.java:146)
at org.testng.internal.TestMethodWorker.invokeTestMethods(TestMethodWorker.java:146)
at org.testng.internal.TestMethodWorker.run(TestMethodWorker.java:128)
at java.base/java.util.ArrayList.forEach(ArrayList.java:1511)
at org.testng.TestRunner.privateRun(TestRunner.java:794)
at org.testng.TestRunner.run(TestRunner.java:596)
at org.testng.SuiteRunner.runTest(SuiteRunner.java:377)
at org.testng.SuiteRunner.runSequentially(SuiteRunner.java:371)
at org.testng.SuiteRunner.privateRun(SuiteRunner.java:332)
at org.testng.SuiteRunner.run(SuiteRunner.java:276)
at org.testng.SuiteRunnerWorker.runSuite(SuiteRunnerWorker.java:53)
at org.testng.SuiteRunnerWorker.run(SuiteRunnerWorker.java:96)
at org.testng.TestNG.runSuitesSequentially(TestNG.java:1212)
at org.testng.TestNG.runSuitesLocally(TestNG.java:1134)
at org.testng.TestNG.runSuites(TestNG.java:1063)
at org.testng.TestNG.run(TestNG.java:1031)
at org.testng.remote.AbstractRemoteTestNG.run(AbstractRemoteTestNG.java:115)
at org.testng.remote.RemoteTestNG.initAndRun(RemoteTestNG.java:251)
at org.testng.remote.RemoteTestNG.main(RemoteTestNG.java:77)
]]>
            </full-stacktrace>
          </exception> <!-- org.openqa.selenium.NoSuchElementException -->
          <reporter-output>
          </reporter-output>
        </test-method> <!-- LoginWithInValidCredentials -->
      </class> <!-- TestCases.InvalidLoginAttemptTest -->
      <class name="TestCases.SetUpFixture">
        <test-method is-config="true" signature="StartDockerGrid()[pri:0, instance:TestCases.SetUpFixture@121314f7]" started-at="2022-07-10T23:18:34 IST" name="StartDockerGrid" finished-at="2022-07-10T23:18:54 IST" duration-ms="20051" status="PASS">
          <reporter-output>
          </reporter-output>
        </test-method> <!-- StartDockerGrid -->
        <test-method is-config="true" signature="StopDockerGrid()[pri:0, instance:TestCases.SetUpFixture@121314f7]" started-at="2022-07-10T23:20:12 IST" name="StopDockerGrid" finished-at="2022-07-10T23:20:32 IST" duration-ms="20017" status="PASS">
          <reporter-output>
          </reporter-output>
        </test-method> <!-- StopDockerGrid -->
      </class> <!-- TestCases.SetUpFixture -->
      <class name="TestCases.LoginAndLogoutTest">
        <test-method is-config="true" signature="SetUp()[pri:0, instance:TestCases.LoginAndLogoutTest@65c7a252]" started-at="2022-07-10T23:19:20 IST" name="SetUp" finished-at="2022-07-10T23:19:51 IST" duration-ms="30457" status="PASS">
          <reporter-output>
          </reporter-output>
        </test-method> <!-- SetUp -->
        <test-method signature="LoginAndLogout()[pri:0, instance:TestCases.LoginAndLogoutTest@65c7a252]" started-at="2022-07-10T23:19:51 IST" name="LoginAndLogout" finished-at="2022-07-10T23:20:12 IST" duration-ms="20682" status="PASS">
          <reporter-output>
          </reporter-output>
        </test-method> <!-- LoginAndLogout -->
      </class> <!-- TestCases.LoginAndLogoutTest -->
    </test> <!-- Test -->
  </suite> <!-- Suite -->
</testng-results>
